
=== Sun Nov 10 00:50:51 2019

Packages were changed.
Update Mode: updateDependencies

The following packages were updated:
  com.unity.ide.vscode from version 1.1.0 to 1.1.2

=== Thu Oct  6 11:35:56 2022

Packages were changed.
Update Mode: updateDependencies

The following packages were updated:
  com.unity.ads from version 2.0.8 to 3.5.2
  com.unity.analytics from version 3.3.2 to 3.3.5
  com.unity.ext.nunit from version 1.0.0 to 1.0.5
  com.unity.ide.rider from version 1.1.0 to 1.1.4
  com.unity.ide.vscode from version 1.1.2 to 1.2.3
  com.unity.multiplayer-hlapi from version 1.0.2 to 1.0.6
  com.unity.purchasing from version 2.0.6 to 2.1.1
  com.unity.test-framework from version 1.0.13 to 1.1.19
  com.unity.timeline from version 1.1.0 to 1.2.6
  com.unity.xr.legacyinputhelpers from version 2.0.2 to 2.1.6
The following packages were removed:
  com.unity.package-manager-ui@2.2.0
